# JRE version: OpenJDK Runtime Environment (26.0.1+8) (build 26.0.1+8-34)
# Java VM: OpenJDK 64-Bit Server VM (26.0.1+8-34, mixed mode, sharing, tiered, compressed oops, compressed class ptrs, g1 gc, windows-amd64)
GC Precious Log:
 CardTable entry size: 512
 Card Set container configuration: InlinePtr #cards 4 size 8 Array Of Cards #cards 16 size 48 Howl #buckets 8 coarsen threshold 3686 Howl Bitmap #cards 512 size 80 coarsen threshold 460 Card regions per heap region 1 cards per card region 4096
 CPUs: 16 total, 16 available
 Memory: 15477M
 Large Page Support: Disabled
 NUMA Support: Disabled
 Compressed Oops: Enabled (Zero based)
 Heap Region Size: 2M
 Heap Min Capacity: 8M
 Heap Initial Capacity: 8M
 Heap Max Capacity: 3870M
 Pre-touch: Disabled
 Parallel Workers: 13
 Concurrent Workers: 3
 Concurrent Refinement Workers: 13
 Periodic GC: Disabled
Heap:
 garbage-first heap   total reserved 3962880K, committed 36864K, used 18522K [0x000000070e200000, 0x0000000800000000)
  region size 2M, 3 eden (6M), 1 survivor (2M), 7 old (14M), 0 humongous (0M), 7 free (14M)
GC Heap Usage History (16 events):
Event: 0.071 {heap Before GC invocations=0 (full 0):
 garbage-first heap   total reserved 3962880K, committed 10240K, used 3231K [0x000000070e200000, 0x0000000800000000)
  region size 2M, 2 eden (4M), 0 survivor (0M), 1 old (2M), 0 humongous (0M), 2 free (4M)
}
Event: 0.073 {heap After GC invocations=1 (full 0):
 garbage-first heap   total reserved 3962880K, committed 10240K, used 3688K [0x000000070e200000, 0x0000000800000000)
  region size 2M, 0 eden (0M), 1 survivor (2M), 2 old (4M), 0 humongous (0M), 2 free (4M)
}
Event: 0.098 {heap Before GC invocations=1 (full 0):
 garbage-first heap   total reserved 3962880K, committed 10240K, used 3688K [0x000000070e200000, 0x0000000800000000)
  region size 2M, 1 eden (2M), 1 survivor (2M), 2 old (4M), 0 humongous (0M), 1 free (2M)
}
Event: 0.099 {heap After GC invocations=2 (full 0):
 garbage-first heap   total reserved 3962880K, committed 12288K, used 4382K [0x000000070e200000, 0x0000000800000000)
  region size 2M, 0 eden (0M), 1 survivor (2M), 3 old (6M), 0 humongous (0M), 2 free (4M)
}
Event: 0.170 {heap Before GC invocations=2 (full 0):
 garbage-first heap   total reserved 3962880K, committed 12288K, used 4382K [0x000000070e200000, 0x0000000800000000)
  region size 2M, 1 eden (2M), 1 survivor (2M), 3 old (6M), 0 humongous (0M), 1 free (2M)
}
Event: 0.170 {heap After GC invocations=3 (full 0):
 garbage-first heap   total reserved 3962880K, committed 36864K, used 4779K [0x000000070e200000, 0x0000000800000000)
  region size 2M, 0 eden (0M), 1 survivor (2M), 3 old (6M), 0 humongous (0M), 14 free (28M)
}
Event: 1.266 {heap Before GC invocations=3 (full 0):
 garbage-first heap   total reserved 3962880K, committed 36864K, used 19115K [0x000000070e200000, 0x0000000800000000)
  region size 2M, 7 eden (14M), 1 survivor (2M), 3 old (6M), 0 humongous (0M), 7 free (14M)
}
Event: 1.268 {heap After GC invocations=4 (full 0):
 garbage-first heap   total reserved 3962880K, committed 36864K, used 7179K [0x000000070e200000, 0x0000000800000000)
  region size 2M, 0 eden (0M), 1 survivor (2M), 3 old (6M), 0 humongous (0M), 14 free (28M)
}
Event: 1.400 {heap Before GC invocations=4 (full 0):
 garbage-first heap   total reserved 3962880K, committed 36864K, used 21515K [0x000000070e200000, 0x0000000800000000)
  region size 2M, 8 eden (16M), 1 survivor (2M), 3 old (6M), 0 humongous (0M), 6 free (12M)
}
Event: 1.408 {heap After GC invocations=5 (full 0):
 garbage-first heap   total reserved 3962880K, committed 36864K, used 11513K [0x000000070e200000, 0x0000000800000000)
  region size 2M, 0 eden (0M), 2 survivor (4M), 5 old (10M), 0 humongous (0M), 11 free (22M)
}
Event: 1.559 {heap Before GC invocations=5 (full 0):
 garbage-first heap   total reserved 3962880K, committed 36864K, used 23801K [0x000000070e200000, 0x0000000800000000)
  region size 2M, 6 eden (12M), 2 survivor (4M), 5 old (10M), 0 humongous (0M), 5 free (10M)
}
Event: 1.561 {heap After GC invocations=6 (full 0):
 garbage-first heap   total reserved 3962880K, committed 36864K, used 12975K [0x000000070e200000, 0x0000000800000000)
  region size 2M, 0 eden (0M), 1 survivor (2M), 6 old (12M), 0 humongous (0M), 11 free (22M)
}
Event: 1.772 {heap Before GC invocations=6 (full 0):
 garbage-first heap   total reserved 3962880K, committed 36864K, used 25263K [0x000000070e200000, 0x0000000800000000)
  region size 2M, 7 eden (14M), 1 survivor (2M), 6 old (12M), 0 humongous (0M), 4 free (8M)
}
Event: 1.773 {heap After GC invocations=7 (full 0):
 garbage-first heap   total reserved 3962880K, committed 36864K, used 14079K [0x000000070e200000, 0x0000000800000000)
  region size 2M, 0 eden (0M), 1 survivor (2M), 7 old (14M), 0 humongous (0M), 10 free (20M)
}
Event: 1.828 {heap Before GC invocations=7 (full 0):
 garbage-first heap   total reserved 3962880K, committed 36864K, used 22271K [0x000000070e200000, 0x0000000800000000)
  region size 2M, 6 eden (12M), 1 survivor (2M), 7 old (14M), 0 humongous (0M), 4 free (8M)
}
Event: 1.829 {heap After GC invocations=8 (full 0):
 garbage-first heap   total reserved 3962880K, committed 36864K, used 14426K [0x000000070e200000, 0x0000000800000000)
  region size 2M, 0 eden (0M), 1 survivor (2M), 7 old (14M), 0 humongous (0M), 10 free (20M)
}

